Microsoft HTML Help Compiler 4.74.8702

Compiling d:\VCS\ShuiCast\trunk\shuicast\bin\shuicast.chm

index.html
config.html
shuicast.hhc
shuicast.hhk
advanced.html
metadata.html
shuicast_main.png
configurationb2.png
configurationb3.png
configurationb4.png
configurationb5.png
configurationb6.png
configurationb7.png
configurationb8.png
configurationb9.png

Compile time: 0 minutes, 0 seconds
6	Topics
19	Local links
0	Internet links
9	Graphics


Created d:\VCS\ShuiCast\trunk\shuicast\bin\shuicast.chm, 156,535 bytes
Compression decreased file by 101,498 bytes.
