Microsoft HTML Help Compiler 4.74.8702

Compiling c:\Ed\work\ODDSOC~1\ODDCAS~3\doc\_tmphhp\oddcastv3.chm

topic1.html
configuration.html
oddcastv3.hhc
oddcastv3.hhk
configurationb1.PNG
configurationb2.PNG
configurationb3.PNG
configurationb4.PNG
configurationb5.PNG
configurationb6.PNG
configurationb7.PNG
configurationb8.PNG
configurationb9.PNG

Compile time: 0 minutes, 0 seconds
4	Topics
13	Local links
0	Internet links
9	Graphics


Created c:\Ed\work\ODDSOC~1\ODDCAS~3\doc\_tmphhp\oddcastv3.chm, 161,317 bytes
Compression decreased file by 118,081 bytes.
